
> my-app@0.1.0 start /home/bitnami/pyxis/frontend
> node scripts/start.js

Starting the development server...

Port: 5005
Compiled with warnings.

./src/GraphRenderer.js
  Line 2:   'RelativeSize' is defined but never used      no-unused-vars
  Line 24:  Expected to return a value in arrow function  array-callback-return
  Line 70:  Expected to return a value in arrow function  array-callback-return

./src/PageRouter.js
  Line 5:  'styles' is defined but never used  no-unused-vars

Search for the keywords to learn more about each warning.
To ignore, add // eslint-disable-next-line to the line before.

Compiling...
Compiled with warnings.

./src/GraphRenderer.js
  Line 2:   'RelativeSize' is defined but never used      no-unused-vars
  Line 24:  Expected to return a value in arrow function  array-callback-return
  Line 70:  Expected to return a value in arrow function  array-callback-return

./src/PageRouter.js
  Line 5:  'styles' is defined but never used  no-unused-vars

Search for the keywords to learn more about each warning.
To ignore, add // eslint-disable-next-line to the line before.

Compiling...
Failed to compile.

./src/WebsiteInput.js
Module not found: Can't resolve 'react-autocomplete' in '/home/bitnami/pyxis/frontend/src'
Compiling...
Failed to compile.

./src/WebsiteInput.js
Module not found: Can't resolve 'react-autocomplete' in '/home/bitnami/pyxis/frontend/src'
Compiling...
Failed to compile.

./src/WebsiteInput.js
Module not found: Can't resolve 'react-autocomplete' in '/home/bitnami/pyxis/frontend/src'

> my-app@0.1.0 start /home/bitnami/pyxis/frontend
> node scripts/start.js

Something is already running on port 5005.

> my-app@0.1.0 start /home/bitnami/pyxis/frontend
> node scripts/start.js

Something is already running on port 5005.

> my-app@0.1.0 start /home/bitnami/pyxis/frontend
> node scripts/start.js

Starting the development server...

Port: 5000
Compiled with warnings.

./src/GraphRenderer.js
  Line 2:   'RelativeSize' is defined but never used      no-unused-vars
  Line 23:  Expected to return a value in arrow function  array-callback-return
  Line 65:  Expected to return a value in arrow function  array-callback-return

Search for the keywords to learn more about each warning.
To ignore, add // eslint-disable-next-line to the line before.

python3: can't open file 'crawler.py': [Errno 2] No such file or directory

> my-app@0.1.0 start /home/bitnami/pyxis/frontend
> node scripts/start.js

Starting the development server...

Port: 5005
Compiled with warnings.

./src/GraphRenderer.js
  Line 2:   'RelativeSize' is defined but never used      no-unused-vars
  Line 23:  Expected to return a value in arrow function  array-callback-return
  Line 65:  Expected to return a value in arrow function  array-callback-return

Search for the keywords to learn more about each warning.
To ignore, add // eslint-disable-next-line to the line before.


> my-app@0.1.0 start /home/bitnami/pyxis/frontend
> node scripts/start.js

Starting the development server...

Port: 5005
Compiled with warnings.

./src/GraphRenderer.js
  Line 2:   'RelativeSize' is defined but never used      no-unused-vars
  Line 23:  Expected to return a value in arrow function  array-callback-return
  Line 65:  Expected to return a value in arrow function  array-callback-return

Search for the keywords to learn more about each warning.
To ignore, add // eslint-disable-next-line to the line before.


> my-app@0.1.0 start /home/bitnami/pyxis/frontend
> node scripts/start.js

Something is already running on port 5005.
Compiling...
Compiled with warnings.

./src/GraphRenderer.js
  Line 2:  'RelativeSize' is defined but never used  no-unused-vars

Search for the keywords to learn more about each warning.
To ignore, add // eslint-disable-next-line to the line before.

Compiling...
Compiled with warnings.

./src/GraphRenderer.js
  Line 2:  'RelativeSize' is defined but never used  no-unused-vars

Search for the keywords to learn more about each warning.
To ignore, add // eslint-disable-next-line to the line before.

Compiling...
Compiled with warnings.

./src/GraphRenderer.js
  Line 2:  'RelativeSize' is defined but never used  no-unused-vars

Search for the keywords to learn more about each warning.
To ignore, add // eslint-disable-next-line to the line before.

Compiling...
Compiled with warnings.

./src/GraphRenderer.js
  Line 2:  'RelativeSize' is defined but never used  no-unused-vars

Search for the keywords to learn more about each warning.
To ignore, add // eslint-disable-next-line to the line before.


> my-app@0.1.0 start /home/bitnami/pyxis/frontend
> node scripts/start.js

Starting the development server...

Port: 5005
Compiled with warnings.

./src/GraphRenderer.js
  Line 2:  'RelativeSize' is defined but never used  no-unused-vars

Search for the keywords to learn more about each warning.
To ignore, add // eslint-disable-next-line to the line before.


> my-app@0.1.0 start /home/bitnami/pyxis/frontend
> node scripts/start.js

Starting the development server...

Port: 5005
Compiled with warnings.

./src/GraphRenderer.js
  Line 2:  'RelativeSize' is defined but never used  no-unused-vars

Search for the keywords to learn more about each warning.
To ignore, add // eslint-disable-next-line to the line before.


> my-app@0.1.0 start /home/bitnami/pyxis/frontend
> node scripts/start.js

Starting the development server...

Port: 5005
Compiled with warnings.

./src/GraphRenderer.js
  Line 2:  'RelativeSize' is defined but never used  no-unused-vars
  Line 2:  'ForceAtlas2' is defined but never used   no-unused-vars

Search for the keywords to learn more about each warning.
To ignore, add // eslint-disable-next-line to the line before.

