
> my-app@0.1.0 start /home/bitnami/pyxis/frontend
> node scripts/start.js

Starting the development server...

Port: 5005
Compiled with warnings.

./src/GraphRenderer.js
  Line 2:  'RelativeSize' is defined but never used  no-unused-vars

Search for the keywords to learn more about each warning.
To ignore, add // eslint-disable-next-line to the line before.

Compiling...
Compiled with warnings.

./src/GraphRenderer.js
  Line 2:  'RelativeSize' is defined but never used  no-unused-vars

Search for the keywords to learn more about each warning.
To ignore, add // eslint-disable-next-line to the line before.

Compiling...
Compiled with warnings.

./src/GraphRenderer.js
  Line 2:  'RelativeSize' is defined but never used  no-unused-vars

Search for the keywords to learn more about each warning.
To ignore, add // eslint-disable-next-line to the line before.

Killed
npm ERR! code ELIFECYCLE
npm ERR! errno 137
npm ERR! my-app@0.1.0 start: `node scripts/start.js`
npm ERR! Exit status 137
npm ERR! 
npm ERR! Failed at the my-app@0.1.0 start script.
npm ERR! This is probably not a problem with npm. There is likely additional logging output above.

npm ERR! A complete log of this run can be found in:
npm ERR!     /home/bitnami/.npm/_logs/2018-05-31T23_11_18_666Z-debug.log
npm WARN ajv-keywords@3.2.0 requires a peer of ajv@^6.0.0 but none is installed. You must install peer dependencies yourself.
npm WARN optional SKIPPING OPTIONAL DEPENDENCY: fsevents@1.2.3 (node_modules/fsevents):
npm WARN notsup SKIPPING OPTIONAL DEPENDENCY: Unsupported platform for fsevents@1.2.3: wanted {"os":"darwin","arch":"any"} (current: {"os":"linux","arch":"x64"})

up to date in 14.408s

> my-app@0.1.0 start /home/bitnami/pyxis/frontend
> node scripts/start.js

Starting the development server...

Port: 5005
Compiled with warnings.

./src/GraphRenderer.js
  Line 2:  'RelativeSize' is defined but never used  no-unused-vars
  Line 2:  'ForceAtlas2' is defined but never used   no-unused-vars

Search for the keywords to learn more about each warning.
To ignore, add // eslint-disable-next-line to the line before.

